/opt/conda/envs/py_3.10/lib/python3.10/site-packages/torch/_inductor/select_algorithm.py:3686: UserWarning: TypedStorage is deprecated. It will be removed in the future and UntypedStorage will be the only storage class. This should only matter to you if you are using storages directly.  To access UntypedStorage directly, use tensor.untyped_storage() instead of tensor.storage()
  current_out_size = out_base.storage().size()
E0311 22:33:27.859000 309933 site-packages/torch/_inductor/select_algorithm.py:3924] [0/0] Runtime error during autotuning: 
E0311 22:33:27.859000 309933 site-packages/torch/_inductor/select_algorithm.py:3924] [0/0] No valid triton configs. OutOfMemoryError: out of resource: triton_mm Required: 196608 Hardware limit:163840 Reducing block sizes or `num_stages` may help.. 
E0311 22:33:27.859000 309933 site-packages/torch/_inductor/select_algorithm.py:3924] [0/0] Ignoring this choice.
E0311 22:33:27.863000 309933 site-packages/torch/_inductor/select_algorithm.py:3924] [0/0] Runtime error during autotuning: 
E0311 22:33:27.863000 309933 site-packages/torch/_inductor/select_algorithm.py:3924] [0/0] No valid triton configs. OutOfMemoryError: out of resource: triton_mm Required: 196608 Hardware limit:163840 Reducing block sizes or `num_stages` may help.. 
E0311 22:33:27.863000 309933 site-packages/torch/_inductor/select_algorithm.py:3924] [0/0] Ignoring this choice.
E0311 22:33:27.865000 309933 site-packages/torch/_inductor/select_algorithm.py:3924] [0/0] Runtime error during autotuning: 
E0311 22:33:27.865000 309933 site-packages/torch/_inductor/select_algorithm.py:3924] [0/0] No valid triton configs. OutOfMemoryError: out of resource: triton_mm Required: 196608 Hardware limit:163840 Reducing block sizes or `num_stages` may help.. 
E0311 22:33:27.865000 309933 site-packages/torch/_inductor/select_algorithm.py:3924] [0/0] Ignoring this choice.
E0311 22:33:27.866000 309933 site-packages/torch/_inductor/select_algorithm.py:3924] [0/0] Runtime error during autotuning: 
E0311 22:33:27.866000 309933 site-packages/torch/_inductor/select_algorithm.py:3924] [0/0] No valid triton configs. OutOfMemoryError: out of resource: triton_mm Required: 196608 Hardware limit:163840 Reducing block sizes or `num_stages` may help.. 
E0311 22:33:27.866000 309933 site-packages/torch/_inductor/select_algorithm.py:3924] [0/0] Ignoring this choice.
E0311 22:33:27.868000 309933 site-packages/torch/_inductor/select_algorithm.py:3924] [0/0] Runtime error during autotuning: 
E0311 22:33:27.868000 309933 site-packages/torch/_inductor/select_algorithm.py:3924] [0/0] No valid triton configs. OutOfMemoryError: out of resource: triton_mm Required: 196608 Hardware limit:163840 Reducing block sizes or `num_stages` may help.. 
E0311 22:33:27.868000 309933 site-packages/torch/_inductor/select_algorithm.py:3924] [0/0] Ignoring this choice.
E0311 22:33:27.870000 309933 site-packages/torch/_inductor/select_algorithm.py:3924] [0/0] Runtime error during autotuning: 
E0311 22:33:27.870000 309933 site-packages/torch/_inductor/select_algorithm.py:3924] [0/0] No valid triton configs. OutOfMemoryError: out of resource: triton_mm Required: 196608 Hardware limit:163840 Reducing block sizes or `num_stages` may help.. 
E0311 22:33:27.870000 309933 site-packages/torch/_inductor/select_algorithm.py:3924] [0/0] Ignoring this choice.
E0311 22:33:35.183000 309933 site-packages/torch/_inductor/select_algorithm.py:3924] [0/0] Runtime error during autotuning: 
E0311 22:33:35.183000 309933 site-packages/torch/_inductor/select_algorithm.py:3924] [0/0] No valid triton configs. OutOfMemoryError: out of resource: triton_mm Required: 196608 Hardware limit:163840 Reducing block sizes or `num_stages` may help.. 
E0311 22:33:35.183000 309933 site-packages/torch/_inductor/select_algorithm.py:3924] [0/0] Ignoring this choice.
E0311 22:33:35.185000 309933 site-packages/torch/_inductor/select_algorithm.py:3924] [0/0] Runtime error during autotuning: 
E0311 22:33:35.185000 309933 site-packages/torch/_inductor/select_algorithm.py:3924] [0/0] No valid triton configs. OutOfMemoryError: out of resource: triton_mm Required: 196608 Hardware limit:163840 Reducing block sizes or `num_stages` may help.. 
E0311 22:33:35.185000 309933 site-packages/torch/_inductor/select_algorithm.py:3924] [0/0] Ignoring this choice.
E0311 22:33:35.187000 309933 site-packages/torch/_inductor/select_algorithm.py:3924] [0/0] Runtime error during autotuning: 
E0311 22:33:35.187000 309933 site-packages/torch/_inductor/select_algorithm.py:3924] [0/0] No valid triton configs. OutOfMemoryError: out of resource: triton_mm Required: 196608 Hardware limit:163840 Reducing block sizes or `num_stages` may help.. 
E0311 22:33:35.187000 309933 site-packages/torch/_inductor/select_algorithm.py:3924] [0/0] Ignoring this choice.
E0311 22:33:35.188000 309933 site-packages/torch/_inductor/select_algorithm.py:3924] [0/0] Runtime error during autotuning: 
E0311 22:33:35.188000 309933 site-packages/torch/_inductor/select_algorithm.py:3924] [0/0] No valid triton configs. OutOfMemoryError: out of resource: triton_mm Required: 196608 Hardware limit:163840 Reducing block sizes or `num_stages` may help.. 
E0311 22:33:35.188000 309933 site-packages/torch/_inductor/select_algorithm.py:3924] [0/0] Ignoring this choice.
E0311 22:33:35.190000 309933 site-packages/torch/_inductor/select_algorithm.py:3924] [0/0] Runtime error during autotuning: 
E0311 22:33:35.190000 309933 site-packages/torch/_inductor/select_algorithm.py:3924] [0/0] No valid triton configs. OutOfMemoryError: out of resource: triton_mm Required: 196608 Hardware limit:163840 Reducing block sizes or `num_stages` may help.. 
E0311 22:33:35.190000 309933 site-packages/torch/_inductor/select_algorithm.py:3924] [0/0] Ignoring this choice.
E0311 22:33:35.192000 309933 site-packages/torch/_inductor/select_algorithm.py:3924] [0/0] Runtime error during autotuning: 
E0311 22:33:35.192000 309933 site-packages/torch/_inductor/select_algorithm.py:3924] [0/0] No valid triton configs. OutOfMemoryError: out of resource: triton_mm Required: 196608 Hardware limit:163840 Reducing block sizes or `num_stages` may help.. 
E0311 22:33:35.192000 309933 site-packages/torch/_inductor/select_algorithm.py:3924] [0/0] Ignoring this choice.
Autotune Choices Stats:
{"num_choices": 1201, "num_triton_choices": 1200, "best_kernel": "mm", "best_time": 0.4764440059661865, "best_triton_pos": 1, "best_triton_time": 0.5205640196800232, "best_triton_kernel": "triton_mm_1186", "best_triton_kernel_desc": "ACC_TYPE='tl.float32', ALLOW_TF32=False, BLOCK_K=64, BLOCK_M=256, BLOCK_N=128, EVEN_K=True, GROUP_M=16, USE_FAST_ACCUM=False, kpack=2, matrix_instr_nonkdim=0, waves_per_eu=0, num_stages=2, num_warps=8"}
AUTOTUNE mm(960000x384, 384x512)
strides: [384, 1], [512, 1]
dtypes: torch.bfloat16, torch.bfloat16
  mm 0.4764 ms 100.0% 
  triton_mm_1186 0.5206 ms 91.5% ACC_TYPE='tl.float32', ALLOW_TF32=False, BLOCK_K=64, BLOCK_M=256, BLOCK_N=128, EVEN_K=True, GROUP_M=16, USE_FAST_ACCUM=False, kpack=2, matrix_instr_nonkdim=0, waves_per_eu=0, num_stages=2, num_warps=8
  triton_mm_976 0.5242 ms 90.9% ACC_TYPE='tl.float32', ALLOW_TF32=False, BLOCK_K=64, BLOCK_M=128, BLOCK_N=256, EVEN_K=True, GROUP_M=16, USE_FAST_ACCUM=False, kpack=2, matrix_instr_nonkdim=0, waves_per_eu=0, num_stages=2, num_warps=8
  triton_mm_1182 0.5358 ms 88.9% ACC_TYPE='tl.float32', ALLOW_TF32=False, BLOCK_K=64, BLOCK_M=256, BLOCK_N=128, EVEN_K=True, GROUP_M=4, USE_FAST_ACCUM=False, kpack=2, matrix_instr_nonkdim=0, waves_per_eu=0, num_stages=2, num_warps=8
  triton_mm_972 0.5373 ms 88.7% ACC_TYPE='tl.float32', ALLOW_TF32=False, BLOCK_K=64, BLOCK_M=128, BLOCK_N=256, EVEN_K=True, GROUP_M=4, USE_FAST_ACCUM=False, kpack=2, matrix_instr_nonkdim=0, waves_per_eu=0, num_stages=2, num_warps=8
  triton_mm_1184 0.5468 ms 87.1% ACC_TYPE='tl.float32', ALLOW_TF32=False, BLOCK_K=64, BLOCK_M=256, BLOCK_N=128, EVEN_K=True, GROUP_M=8, USE_FAST_ACCUM=False, kpack=2, matrix_instr_nonkdim=0, waves_per_eu=0, num_stages=2, num_warps=8
  triton_mm_974 0.5488 ms 86.8% ACC_TYPE='tl.float32', ALLOW_TF32=False, BLOCK_K=64, BLOCK_M=128, BLOCK_N=256, EVEN_K=True, GROUP_M=8, USE_FAST_ACCUM=False, kpack=2, matrix_instr_nonkdim=0, waves_per_eu=0, num_stages=2, num_warps=8
  triton_mm_966 0.5788 ms 82.3% ACC_TYPE='tl.float32', ALLOW_TF32=False, BLOCK_K=32, BLOCK_M=128, BLOCK_N=256, EVEN_K=True, GROUP_M=4, USE_FAST_ACCUM=False, kpack=2, matrix_instr_nonkdim=0, waves_per_eu=0, num_stages=2, num_warps=8
  triton_mm_930 0.5805 ms 82.1% ACC_TYPE='tl.float32', ALLOW_TF32=False, BLOCK_K=64, BLOCK_M=128, BLOCK_N=128, EVEN_K=True, GROUP_M=4, USE_FAST_ACCUM=False, kpack=2, matrix_instr_nonkdim=0, waves_per_eu=0, num_stages=2, num_warps=8
  triton_mm_1187 0.5879 ms 81.0% ACC_TYPE='tl.float32', ALLOW_TF32=False, BLOCK_K=64, BLOCK_M=256, BLOCK_N=128, EVEN_K=True, GROUP_M=16, USE_FAST_ACCUM=False, kpack=2, matrix_instr_nonkdim=16, waves_per_eu=0, num_stages=2, num_warps=8
SingleProcess AUTOTUNE benchmarking takes 44.5518 seconds and 3.7779 seconds precompiling for 1201 choices
Autotune Choices Stats:
{"num_choices": 1201, "num_triton_choices": 1200, "best_kernel": "triton_mm_2386", "best_kernel_desc": "ACC_TYPE='tl.float32', ALLOW_TF32=False, BLOCK_K=64, BLOCK_M=256, BLOCK_N=128, EVEN_K=True, GROUP_M=16, USE_FAST_ACCUM=False, kpack=2, matrix_instr_nonkdim=0, waves_per_eu=0, num_stages=2, num_warps=8", "best_time": 0.3066830039024353, "best_triton_pos": 0}
AUTOTUNE mm(960000x256, 256x384)
strides: [256, 1], [384, 1]
dtypes: torch.bfloat16, torch.bfloat16
  triton_mm_2386 0.3067 ms 100.0% ACC_TYPE='tl.float32', ALLOW_TF32=False, BLOCK_K=64, BLOCK_M=256, BLOCK_N=128, EVEN_K=True, GROUP_M=16, USE_FAST_ACCUM=False, kpack=2, matrix_instr_nonkdim=0, waves_per_eu=0, num_stages=2, num_warps=8
  triton_mm_2384 0.3132 ms 97.9% ACC_TYPE='tl.float32', ALLOW_TF32=False, BLOCK_K=64, BLOCK_M=256, BLOCK_N=128, EVEN_K=True, GROUP_M=8, USE_FAST_ACCUM=False, kpack=2, matrix_instr_nonkdim=0, waves_per_eu=0, num_stages=2, num_warps=8
  triton_mm_2382 0.3189 ms 96.2% ACC_TYPE='tl.float32', ALLOW_TF32=False, BLOCK_K=64, BLOCK_M=256, BLOCK_N=128, EVEN_K=True, GROUP_M=4, USE_FAST_ACCUM=False, kpack=2, matrix_instr_nonkdim=0, waves_per_eu=0, num_stages=2, num_warps=8
  triton_mm_2380 0.3286 ms 93.3% ACC_TYPE='tl.float32', ALLOW_TF32=False, BLOCK_K=32, BLOCK_M=256, BLOCK_N=128, EVEN_K=True, GROUP_M=16, USE_FAST_ACCUM=False, kpack=2, matrix_instr_nonkdim=0, waves_per_eu=0, num_stages=2, num_warps=8
  triton_mm_2128 0.3340 ms 91.8% ACC_TYPE='tl.float32', ALLOW_TF32=False, BLOCK_K=64, BLOCK_M=128, BLOCK_N=128, EVEN_K=True, GROUP_M=16, USE_FAST_ACCUM=False, kpack=2, matrix_instr_nonkdim=0, waves_per_eu=0, num_stages=2, num_warps=4
  triton_mm_2126 0.3366 ms 91.1% ACC_TYPE='tl.float32', ALLOW_TF32=False, BLOCK_K=64, BLOCK_M=128, BLOCK_N=128, EVEN_K=True, GROUP_M=8, USE_FAST_ACCUM=False, kpack=2, matrix_instr_nonkdim=0, waves_per_eu=0, num_stages=2, num_warps=4
  triton_mm_2130 0.3385 ms 90.6% ACC_TYPE='tl.float32', ALLOW_TF32=False, BLOCK_K=64, BLOCK_M=128, BLOCK_N=128, EVEN_K=True, GROUP_M=4, USE_FAST_ACCUM=False, kpack=2, matrix_instr_nonkdim=0, waves_per_eu=0, num_stages=2, num_warps=8
  triton_mm_2378 0.3390 ms 90.5% ACC_TYPE='tl.float32', ALLOW_TF32=False, BLOCK_K=32, BLOCK_M=256, BLOCK_N=128, EVEN_K=True, GROUP_M=8, USE_FAST_ACCUM=False, kpack=2, matrix_instr_nonkdim=0, waves_per_eu=0, num_stages=2, num_warps=8
  triton_mm_2132 0.3390 ms 90.5% ACC_TYPE='tl.float32', ALLOW_TF32=False, BLOCK_K=64, BLOCK_M=128, BLOCK_N=128, EVEN_K=True, GROUP_M=8, USE_FAST_ACCUM=False, kpack=2, matrix_instr_nonkdim=0, waves_per_eu=0, num_stages=2, num_warps=8
  triton_mm_2134 0.3398 ms 90.3% ACC_TYPE='tl.float32', ALLOW_TF32=False, BLOCK_K=64, BLOCK_M=128, BLOCK_N=128, EVEN_K=True, GROUP_M=16, USE_FAST_ACCUM=False, kpack=2, matrix_instr_nonkdim=0, waves_per_eu=0, num_stages=2, num_warps=8
SingleProcess AUTOTUNE benchmarking takes 39.6498 seconds and 3.4060 seconds precompiling for 1201 choices
E0311 22:35:05.477000 309933 site-packages/torch/_inductor/select_algorithm.py:3924] [0/0] Runtime error during autotuning: 
E0311 22:35:05.477000 309933 site-packages/torch/_inductor/select_algorithm.py:3924] [0/0] No valid triton configs. OutOfMemoryError: out of resource: triton_mm Required: 196608 Hardware limit:163840 Reducing block sizes or `num_stages` may help.. 
E0311 22:35:05.477000 309933 site-packages/torch/_inductor/select_algorithm.py:3924] [0/0] Ignoring this choice.
E0311 22:35:05.479000 309933 site-packages/torch/_inductor/select_algorithm.py:3924] [0/0] Runtime error during autotuning: 
E0311 22:35:05.479000 309933 site-packages/torch/_inductor/select_algorithm.py:3924] [0/0] No valid triton configs. OutOfMemoryError: out of resource: triton_mm Required: 196608 Hardware limit:163840 Reducing block sizes or `num_stages` may help.. 
E0311 22:35:05.479000 309933 site-packages/torch/_inductor/select_algorithm.py:3924] [0/0] Ignoring this choice.
E0311 22:35:05.481000 309933 site-packages/torch/_inductor/select_algorithm.py:3924] [0/0] Runtime error during autotuning: 
E0311 22:35:05.481000 309933 site-packages/torch/_inductor/select_algorithm.py:3924] [0/0] No valid triton configs. OutOfMemoryError: out of resource: triton_mm Required: 196608 Hardware limit:163840 Reducing block sizes or `num_stages` may help.. 
E0311 22:35:05.481000 309933 site-packages/torch/_inductor/select_algorithm.py:3924] [0/0] Ignoring this choice.
E0311 22:35:05.482000 309933 site-packages/torch/_inductor/select_algorithm.py:3924] [0/0] Runtime error during autotuning: 
E0311 22:35:05.482000 309933 site-packages/torch/_inductor/select_algorithm.py:3924] [0/0] No valid triton configs. OutOfMemoryError: out of resource: triton_mm Required: 196608 Hardware limit:163840 Reducing block sizes or `num_stages` may help.. 
E0311 22:35:05.482000 309933 site-packages/torch/_inductor/select_algorithm.py:3924] [0/0] Ignoring this choice.
E0311 22:35:05.484000 309933 site-packages/torch/_inductor/select_algorithm.py:3924] [0/0] Runtime error during autotuning: 
E0311 22:35:05.484000 309933 site-packages/torch/_inductor/select_algorithm.py:3924] [0/0] No valid triton configs. OutOfMemoryError: out of resource: triton_mm Required: 196608 Hardware limit:163840 Reducing block sizes or `num_stages` may help.. 
E0311 22:35:05.484000 309933 site-packages/torch/_inductor/select_algorithm.py:3924] [0/0] Ignoring this choice.
E0311 22:35:05.485000 309933 site-packages/torch/_inductor/select_algorithm.py:3924] [0/0] Runtime error during autotuning: 
E0311 22:35:05.485000 309933 site-packages/torch/_inductor/select_algorithm.py:3924] [0/0] No valid triton configs. OutOfMemoryError: out of resource: triton_mm Required: 196608 Hardware limit:163840 Reducing block sizes or `num_stages` may help.. 
E0311 22:35:05.485000 309933 site-packages/torch/_inductor/select_algorithm.py:3924] [0/0] Ignoring this choice.
E0311 22:35:12.100000 309933 site-packages/torch/_inductor/select_algorithm.py:3924] [0/0] Runtime error during autotuning: 
E0311 22:35:12.100000 309933 site-packages/torch/_inductor/select_algorithm.py:3924] [0/0] No valid triton configs. OutOfMemoryError: out of resource: triton_mm Required: 196608 Hardware limit:163840 Reducing block sizes or `num_stages` may help.. 
E0311 22:35:12.100000 309933 site-packages/torch/_inductor/select_algorithm.py:3924] [0/0] Ignoring this choice.
E0311 22:35:12.101000 309933 site-packages/torch/_inductor/select_algorithm.py:3924] [0/0] Runtime error during autotuning: 
E0311 22:35:12.101000 309933 site-packages/torch/_inductor/select_algorithm.py:3924] [0/0] No valid triton configs. OutOfMemoryError: out of resource: triton_mm Required: 196608 Hardware limit:163840 Reducing block sizes or `num_stages` may help.. 
E0311 22:35:12.101000 309933 site-packages/torch/_inductor/select_algorithm.py:3924] [0/0] Ignoring this choice.
E0311 22:35:12.103000 309933 site-packages/torch/_inductor/select_algorithm.py:3924] [0/0] Runtime error during autotuning: 
E0311 22:35:12.103000 309933 site-packages/torch/_inductor/select_algorithm.py:3924] [0/0] No valid triton configs. OutOfMemoryError: out of resource: triton_mm Required: 196608 Hardware limit:163840 Reducing block sizes or `num_stages` may help.. 
E0311 22:35:12.103000 309933 site-packages/torch/_inductor/select_algorithm.py:3924] [0/0] Ignoring this choice.
E0311 22:35:12.104000 309933 site-packages/torch/_inductor/select_algorithm.py:3924] [0/0] Runtime error during autotuning: 
E0311 22:35:12.104000 309933 site-packages/torch/_inductor/select_algorithm.py:3924] [0/0] No valid triton configs. OutOfMemoryError: out of resource: triton_mm Required: 196608 Hardware limit:163840 Reducing block sizes or `num_stages` may help.. 
E0311 22:35:12.104000 309933 site-packages/torch/_inductor/select_algorithm.py:3924] [0/0] Ignoring this choice.
E0311 22:35:12.106000 309933 site-packages/torch/_inductor/select_algorithm.py:3924] [0/0] Runtime error during autotuning: 
E0311 22:35:12.106000 309933 site-packages/torch/_inductor/select_algorithm.py:3924] [0/0] No valid triton configs. OutOfMemoryError: out of resource: triton_mm Required: 196608 Hardware limit:163840 Reducing block sizes or `num_stages` may help.. 
E0311 22:35:12.106000 309933 site-packages/torch/_inductor/select_algorithm.py:3924] [0/0] Ignoring this choice.
E0311 22:35:12.108000 309933 site-packages/torch/_inductor/select_algorithm.py:3924] [0/0] Runtime error during autotuning: 
E0311 22:35:12.108000 309933 site-packages/torch/_inductor/select_algorithm.py:3924] [0/0] No valid triton configs. OutOfMemoryError: out of resource: triton_mm Required: 196608 Hardware limit:163840 Reducing block sizes or `num_stages` may help.. 
E0311 22:35:12.108000 309933 site-packages/torch/_inductor/select_algorithm.py:3924] [0/0] Ignoring this choice.
Autotune Choices Stats:
{"num_choices": 1201, "num_triton_choices": 1200, "best_kernel": "mm", "best_time": 0.26256200671195984, "best_triton_pos": 1, "best_triton_time": 0.28248199820518494, "best_triton_kernel": "triton_mm_3372", "best_triton_kernel_desc": "ACC_TYPE='tl.float32', ALLOW_TF32=False, BLOCK_K=64, BLOCK_M=128, BLOCK_N=256, EVEN_K=True, GROUP_M=4, USE_FAST_ACCUM=False, kpack=2, matrix_instr_nonkdim=0, waves_per_eu=0, num_stages=2, num_warps=8"}
AUTOTUNE mm(960000x384, 384x256)
strides: [384, 1], [256, 1]
dtypes: torch.bfloat16, torch.bfloat16
  mm 0.2626 ms 100.0% 
  triton_mm_3372 0.2825 ms 92.9% ACC_TYPE='tl.float32', ALLOW_TF32=False, BLOCK_K=64, BLOCK_M=128, BLOCK_N=256, EVEN_K=True, GROUP_M=4, USE_FAST_ACCUM=False, kpack=2, matrix_instr_nonkdim=0, waves_per_eu=0, num_stages=2, num_warps=8
  triton_mm_3374 0.2830 ms 92.8% ACC_TYPE='tl.float32', ALLOW_TF32=False, BLOCK_K=64, BLOCK_M=128, BLOCK_N=256, EVEN_K=True, GROUP_M=8, USE_FAST_ACCUM=False, kpack=2, matrix_instr_nonkdim=0, waves_per_eu=0, num_stages=2, num_warps=8
  triton_mm_3584 0.2855 ms 92.0% ACC_TYPE='tl.float32', ALLOW_TF32=False, BLOCK_K=64, BLOCK_M=256, BLOCK_N=128, EVEN_K=True, GROUP_M=8, USE_FAST_ACCUM=False, kpack=2, matrix_instr_nonkdim=0, waves_per_eu=0, num_stages=2, num_warps=8
  triton_mm_3376 0.2861 ms 91.8% ACC_TYPE='tl.float32', ALLOW_TF32=False, BLOCK_K=64, BLOCK_M=128, BLOCK_N=256, EVEN_K=True, GROUP_M=16, USE_FAST_ACCUM=False, kpack=2, matrix_instr_nonkdim=0, waves_per_eu=0, num_stages=2, num_warps=8
  triton_mm_3586 0.2934 ms 89.5% ACC_TYPE='tl.float32', ALLOW_TF32=False, BLOCK_K=64, BLOCK_M=256, BLOCK_N=128, EVEN_K=True, GROUP_M=16, USE_FAST_ACCUM=False, kpack=2, matrix_instr_nonkdim=0, waves_per_eu=0, num_stages=2, num_warps=8
  triton_mm_3368 0.3000 ms 87.5% ACC_TYPE='tl.float32', ALLOW_TF32=False, BLOCK_K=32, BLOCK_M=128, BLOCK_N=256, EVEN_K=True, GROUP_M=8, USE_FAST_ACCUM=False, kpack=2, matrix_instr_nonkdim=0, waves_per_eu=0, num_stages=2, num_warps=8
  triton_mm_3582 0.3007 ms 87.3% ACC_TYPE='tl.float32', ALLOW_TF32=False, BLOCK_K=64, BLOCK_M=256, BLOCK_N=128, EVEN_K=True, GROUP_M=4, USE_FAST_ACCUM=False, kpack=2, matrix_instr_nonkdim=0, waves_per_eu=0, num_stages=2, num_warps=8
  triton_mm_3334 0.3014 ms 87.1% ACC_TYPE='tl.float32', ALLOW_TF32=False, BLOCK_K=64, BLOCK_M=128, BLOCK_N=128, EVEN_K=True, GROUP_M=16, USE_FAST_ACCUM=False, kpack=2, matrix_instr_nonkdim=0, waves_per_eu=0, num_stages=2, num_warps=8
  triton_mm_3366 0.3021 ms 86.9% ACC_TYPE='tl.float32', ALLOW_TF32=False, BLOCK_K=32, BLOCK_M=128, BLOCK_N=256, EVEN_K=True, GROUP_M=4, USE_FAST_ACCUM=False, kpack=2, matrix_instr_nonkdim=0, waves_per_eu=0, num_stages=2, num_warps=8
SingleProcess AUTOTUNE benchmarking takes 39.1511 seconds and 3.7769 seconds precompiling for 1201 choices
Autotune Choices Stats:
{"num_choices": 991, "num_triton_choices": 990, "best_kernel": "triton_mm_4574", "best_kernel_desc": "ACC_TYPE='tl.float32', ALLOW_TF32=False, BLOCK_K=64, BLOCK_M=256, BLOCK_N=128, EVEN_K=True, GROUP_M=8, USE_FAST_ACCUM=False, kpack=2, matrix_instr_nonkdim=0, waves_per_eu=0, num_stages=2, num_warps=8", "best_time": 0.13632099330425262, "best_triton_pos": 0}
AUTOTUNE mm(960000x256, 256x128)
strides: [256, 1], [128, 1]
dtypes: torch.bfloat16, torch.bfloat16
  triton_mm_4574 0.1363 ms 100.0% ACC_TYPE='tl.float32', ALLOW_TF32=False, BLOCK_K=64, BLOCK_M=256, BLOCK_N=128, EVEN_K=True, GROUP_M=8, USE_FAST_ACCUM=False, kpack=2, matrix_instr_nonkdim=0, waves_per_eu=0, num_stages=2, num_warps=8
  triton_mm_4354 0.1364 ms 100.0% ACC_TYPE='tl.float32', ALLOW_TF32=False, BLOCK_K=64, BLOCK_M=128, BLOCK_N=128, EVEN_K=True, GROUP_M=16, USE_FAST_ACCUM=False, kpack=2, matrix_instr_nonkdim=0, waves_per_eu=0, num_stages=2, num_warps=8
  triton_mm_4350 0.1364 ms 99.9% ACC_TYPE='tl.float32', ALLOW_TF32=False, BLOCK_K=64, BLOCK_M=128, BLOCK_N=128, EVEN_K=True, GROUP_M=4, USE_FAST_ACCUM=False, kpack=2, matrix_instr_nonkdim=0, waves_per_eu=0, num_stages=2, num_warps=8
  triton_mm_4576 0.1365 ms 99.9% ACC_TYPE='tl.float32', ALLOW_TF32=False, BLOCK_K=64, BLOCK_M=256, BLOCK_N=128, EVEN_K=True, GROUP_M=16, USE_FAST_ACCUM=False, kpack=2, matrix_instr_nonkdim=0, waves_per_eu=0, num_stages=2, num_warps=8
  triton_mm_4352 0.1367 ms 99.7% ACC_TYPE='tl.float32', ALLOW_TF32=False, BLOCK_K=64, BLOCK_M=128, BLOCK_N=128, EVEN_K=True, GROUP_M=8, USE_FAST_ACCUM=False, kpack=2, matrix_instr_nonkdim=0, waves_per_eu=0, num_stages=2, num_warps=8
  triton_mm_4348 0.1371 ms 99.4% ACC_TYPE='tl.float32', ALLOW_TF32=False, BLOCK_K=64, BLOCK_M=128, BLOCK_N=128, EVEN_K=True, GROUP_M=16, USE_FAST_ACCUM=False, kpack=2, matrix_instr_nonkdim=0, waves_per_eu=0, num_stages=2, num_warps=4
  triton_mm_4344 0.1374 ms 99.2% ACC_TYPE='tl.float32', ALLOW_TF32=False, BLOCK_K=64, BLOCK_M=128, BLOCK_N=128, EVEN_K=True, GROUP_M=4, USE_FAST_ACCUM=False, kpack=2, matrix_instr_nonkdim=0, waves_per_eu=0, num_stages=2, num_warps=4
  triton_mm_4346 0.1375 ms 99.2% ACC_TYPE='tl.float32', ALLOW_TF32=False, BLOCK_K=64, BLOCK_M=128, BLOCK_N=128, EVEN_K=True, GROUP_M=8, USE_FAST_ACCUM=False, kpack=2, matrix_instr_nonkdim=0, waves_per_eu=0, num_stages=2, num_warps=4
  triton_mm_4572 0.1378 ms 98.9% ACC_TYPE='tl.float32', ALLOW_TF32=False, BLOCK_K=64, BLOCK_M=256, BLOCK_N=128, EVEN_K=True, GROUP_M=4, USE_FAST_ACCUM=False, kpack=2, matrix_instr_nonkdim=0, waves_per_eu=0, num_stages=2, num_warps=8
  triton_mm_4532 0.1381 ms 98.7% ACC_TYPE='tl.float32', ALLOW_TF32=False, BLOCK_K=64, BLOCK_M=256, BLOCK_N=64, EVEN_K=True, GROUP_M=8, USE_FAST_ACCUM=False, kpack=2, matrix_instr_nonkdim=0, waves_per_eu=0, num_stages=2, num_warps=8
SingleProcess AUTOTUNE benchmarking takes 29.1517 seconds and 2.6424 seconds precompiling for 991 choices
Autotune Choices Stats:
{"num_choices": 961, "num_triton_choices": 960, "best_kernel": "mm", "best_time": 0.14600099623203278, "best_triton_pos": 1, "best_triton_time": 0.15164199471473694, "best_triton_kernel": "triton_mm_5540", "best_triton_kernel_desc": "ACC_TYPE='tl.float32', ALLOW_TF32=False, BLOCK_K=64, BLOCK_M=256, BLOCK_N=128, EVEN_K=True, GROUP_M=8, USE_FAST_ACCUM=False, kpack=2, matrix_instr_nonkdim=0, waves_per_eu=0, num_stages=2, num_warps=8"}
AUTOTUNE mm(960000x128, 128x256)
strides: [128, 1], [256, 1]
dtypes: torch.bfloat16, torch.bfloat16
  mm 0.1460 ms 100.0% 
  triton_mm_5540 0.1516 ms 96.3% ACC_TYPE='tl.float32', ALLOW_TF32=False, BLOCK_K=64, BLOCK_M=256, BLOCK_N=128, EVEN_K=True, GROUP_M=8, USE_FAST_ACCUM=False, kpack=2, matrix_instr_nonkdim=0, waves_per_eu=0, num_stages=2, num_warps=8
  triton_mm_5542 0.1541 ms 94.8% ACC_TYPE='tl.float32', ALLOW_TF32=False, BLOCK_K=64, BLOCK_M=256, BLOCK_N=128, EVEN_K=True, GROUP_M=16, USE_FAST_ACCUM=False, kpack=2, matrix_instr_nonkdim=0, waves_per_eu=0, num_stages=2, num_warps=8
  triton_mm_5334 0.1562 ms 93.5% ACC_TYPE='tl.float32', ALLOW_TF32=False, BLOCK_K=64, BLOCK_M=128, BLOCK_N=128, EVEN_K=True, GROUP_M=4, USE_FAST_ACCUM=False, kpack=2, matrix_instr_nonkdim=0, waves_per_eu=0, num_stages=2, num_warps=4
  triton_mm_5342 0.1562 ms 93.5% ACC_TYPE='tl.float32', ALLOW_TF32=False, BLOCK_K=64, BLOCK_M=128, BLOCK_N=128, EVEN_K=True, GROUP_M=8, USE_FAST_ACCUM=False, kpack=2, matrix_instr_nonkdim=0, waves_per_eu=0, num_stages=2, num_warps=8
  triton_mm_5338 0.1564 ms 93.4% ACC_TYPE='tl.float32', ALLOW_TF32=False, BLOCK_K=64, BLOCK_M=128, BLOCK_N=128, EVEN_K=True, GROUP_M=16, USE_FAST_ACCUM=False, kpack=2, matrix_instr_nonkdim=0, waves_per_eu=0, num_stages=2, num_warps=4
  triton_mm_5538 0.1566 ms 93.2% ACC_TYPE='tl.float32', ALLOW_TF32=False, BLOCK_K=64, BLOCK_M=256, BLOCK_N=128, EVEN_K=True, GROUP_M=4, USE_FAST_ACCUM=False, kpack=2, matrix_instr_nonkdim=0, waves_per_eu=0, num_stages=2, num_warps=8
  triton_mm_5330 0.1569 ms 93.0% ACC_TYPE='tl.float32', ALLOW_TF32=False, BLOCK_K=32, BLOCK_M=128, BLOCK_N=128, EVEN_K=True, GROUP_M=8, USE_FAST_ACCUM=False, kpack=2, matrix_instr_nonkdim=0, waves_per_eu=0, num_stages=2, num_warps=8
  triton_mm_5332 0.1572 ms 92.9% ACC_TYPE='tl.float32', ALLOW_TF32=False, BLOCK_K=32, BLOCK_M=128, BLOCK_N=128, EVEN_K=True, GROUP_M=16, USE_FAST_ACCUM=False, kpack=2, matrix_instr_nonkdim=0, waves_per_eu=0, num_stages=2, num_warps=8
  triton_mm_5370 0.1574 ms 92.8% ACC_TYPE='tl.float32', ALLOW_TF32=False, BLOCK_K=64, BLOCK_M=128, BLOCK_N=256, EVEN_K=True, GROUP_M=4, USE_FAST_ACCUM=False, kpack=2, matrix_instr_nonkdim=0, waves_per_eu=0, num_stages=2, num_warps=8
SingleProcess AUTOTUNE benchmarking takes 28.4477 seconds and 1.9528 seconds precompiling for 961 choices
Autotune Choices Stats:
{"num_choices": 793, "num_triton_choices": 792, "best_kernel": "triton_mm_6156", "best_kernel_desc": "ACC_TYPE='tl.float32', ALLOW_TF32=False, BLOCK_K=64, BLOCK_M=128, BLOCK_N=128, EVEN_K=True, GROUP_M=4, USE_FAST_ACCUM=False, kpack=2, matrix_instr_nonkdim=0, waves_per_eu=0, num_stages=2, num_warps=8", "best_time": 0.091279998421669, "best_triton_pos": 0}
AUTOTUNE mm(960000x128, 128x128)
strides: [128, 1], [128, 1]
dtypes: torch.bfloat16, torch.bfloat16
  triton_mm_6156 0.0913 ms 100.0% ACC_TYPE='tl.float32', ALLOW_TF32=False, BLOCK_K=64, BLOCK_M=128, BLOCK_N=128, EVEN_K=True, GROUP_M=4, USE_FAST_ACCUM=False, kpack=2, matrix_instr_nonkdim=0, waves_per_eu=0, num_stages=2, num_warps=8
  triton_mm_6160 0.0915 ms 99.8% ACC_TYPE='tl.float32', ALLOW_TF32=False, BLOCK_K=64, BLOCK_M=128, BLOCK_N=128, EVEN_K=True, GROUP_M=16, USE_FAST_ACCUM=False, kpack=2, matrix_instr_nonkdim=0, waves_per_eu=0, num_stages=2, num_warps=8
  triton_mm_6152 0.0919 ms 99.3% ACC_TYPE='tl.float32', ALLOW_TF32=False, BLOCK_K=64, BLOCK_M=128, BLOCK_N=128, EVEN_K=True, GROUP_M=8, USE_FAST_ACCUM=False, kpack=2, matrix_instr_nonkdim=0, waves_per_eu=0, num_stages=2, num_warps=4
  triton_mm_6158 0.0920 ms 99.2% ACC_TYPE='tl.float32', ALLOW_TF32=False, BLOCK_K=64, BLOCK_M=128, BLOCK_N=128, EVEN_K=True, GROUP_M=8, USE_FAST_ACCUM=False, kpack=2, matrix_instr_nonkdim=0, waves_per_eu=0, num_stages=2, num_warps=8
  triton_mm_6154 0.0922 ms 99.0% ACC_TYPE='tl.float32', ALLOW_TF32=False, BLOCK_K=64, BLOCK_M=128, BLOCK_N=128, EVEN_K=True, GROUP_M=16, USE_FAST_ACCUM=False, kpack=2, matrix_instr_nonkdim=0, waves_per_eu=0, num_stages=2, num_warps=4
  triton_mm_6164 0.0922 ms 99.0% ACC_TYPE='tl.float32', ALLOW_TF32=False, BLOCK_K=128, BLOCK_M=128, BLOCK_N=128, EVEN_K=True, GROUP_M=8, USE_FAST_ACCUM=False, kpack=2, matrix_instr_nonkdim=0, waves_per_eu=0, num_stages=2, num_warps=4
  triton_mm_6150 0.0923 ms 98.9% ACC_TYPE='tl.float32', ALLOW_TF32=False, BLOCK_K=64, BLOCK_M=128, BLOCK_N=128, EVEN_K=True, GROUP_M=4, USE_FAST_ACCUM=False, kpack=2, matrix_instr_nonkdim=0, waves_per_eu=0, num_stages=2, num_warps=4
  triton_mm_6166 0.0926 ms 98.5% ACC_TYPE='tl.float32', ALLOW_TF32=False, BLOCK_K=128, BLOCK_M=128, BLOCK_N=128, EVEN_K=True, GROUP_M=16, USE_FAST_ACCUM=False, kpack=2, matrix_instr_nonkdim=0, waves_per_eu=0, num_stages=2, num_warps=4
  triton_mm_6162 0.0930 ms 98.2% ACC_TYPE='tl.float32', ALLOW_TF32=False, BLOCK_K=128, BLOCK_M=128, BLOCK_N=128, EVEN_K=True, GROUP_M=4, USE_FAST_ACCUM=False, kpack=2, matrix_instr_nonkdim=0, waves_per_eu=0, num_stages=2, num_warps=4
  triton_mm_6299 0.0944 ms 96.7% ACC_TYPE='tl.float32', ALLOW_TF32=False, BLOCK_K=64, BLOCK_M=256, BLOCK_N=64, EVEN_K=True, GROUP_M=16, USE_FAST_ACCUM=False, kpack=2, matrix_instr_nonkdim=16, waves_per_eu=0, num_stages=2, num_warps=4
SingleProcess AUTOTUNE benchmarking takes 18.5955 seconds and 1.5464 seconds precompiling for 793 choices
Device: AMD Radeon Graphics
M=960000, dtype=torch.bfloat16
mm shapes to autotune: 7


======================================================================
[1/7] mm(960000x384, 384x512)
  dX block5/4 input grad — 6 calls, heaviest
======================================================================
  output shape=torch.Size([960000, 512]), compile+autotune took 54.4s

======================================================================
[2/7] mm(960000x256, 256x384)
  dX block6/3 input grad
======================================================================
  output shape=torch.Size([960000, 384]), compile+autotune took 47.9s

======================================================================
[3/7] mm(960000x384, 384x256)
  dX block3, first pass
======================================================================
  output shape=torch.Size([960000, 256]), compile+autotune took 47.6s

======================================================================
[4/7] mm(960000x256, 256x384)
  dW block3, first pass
======================================================================
  output shape=torch.Size([960000, 384]), compile+autotune took 0.1s

======================================================================
[5/7] mm(960000x256, 256x128)
  backward + mm (originally fused)
======================================================================
  output shape=torch.Size([960000, 128]), compile+autotune took 35.7s

======================================================================
[6/7] mm(960000x128, 128x256)
  backward + mm (originally fused)
======================================================================
  output shape=torch.Size([960000, 256]), compile+autotune took 34.3s

======================================================================
[7/7] mm(960000x128, 128x128)
  backward + mm (originally fused)
======================================================================
  output shape=torch.Size([960000, 128]), compile+autotune took 23.3s

======================================================================
SUMMARY
======================================================================
  [  OK] mm(960000x384, 384x512)  (54.4s)
  [  OK] mm(960000x256, 256x384)  (47.9s)
  [  OK] mm(960000x384, 384x256)  (47.6s)
  [  OK] mm(960000x256, 256x384)  (0.1s)
  [  OK] mm(960000x256, 256x128)  (35.7s)
  [  OK] mm(960000x128, 128x256)  (34.3s)
  [  OK] mm(960000x128, 128x128)  (23.3s)

All 7 shapes autotuned successfully.
